Log file open, 12/05/22 14:20:03
LogWindows: Failed to load 'aqProf.dll' (GetLastError=126)
LogWindows: File 'aqProf.dll' does not exist
LogWindows: Failed to load 'VtuneApi.dll' (GetLastError=126)
LogWindows: File 'VtuneApi.dll' does not exist
LogWindows: Failed to load 'VtuneApi32e.dll' (GetLastError=126)
LogWindows: File 'VtuneApi32e.dll' does not exist
LogConsoleResponse: Display: Failed to find resolution value strings in scalability ini. Falling back to default.
LogConsoleResponse: Display: Failed to find resolution value strings in scalability ini. Falling back to default.
LogInit: Display: Running engine for game: WhoIsThere
LogPlatformFile: Not using cached read wrapper
LogTaskGraph: Started task graph with 5 named threads and 23 total threads with 3 sets of task threads.
LogStats: Stats thread started at 0.272918
LogICUInternationalization: ICU TimeZone Detection - Raw Offset: -6:00, Platform Override: ''
LogInit: Display: Loading text-based GConfig....
LogPluginManager: Mounting plugin MeshPainting
LogPluginManager: Mounting plugin XGEController
LogPluginManager: Mounting plugin Paper2D
LogPluginManager: Mounting plugin LiveLink
LogPluginManager: Mounting plugin EnvironmentQueryEditor
LogPluginManager: Mounting plugin LightPropagationVolume
LogPluginManager: Mounting plugin OodleData
LogPluginManager: Mounting plugin OodleNetwork
LogPluginManager: Mounting plugin CameraShakePreviewer
LogPluginManager: Mounting plugin AssetManagerEditor
LogPluginManager: Mounting plugin AISupport
LogPluginManager: Mounting plugin CryptoKeys
LogPluginManager: Mounting plugin CurveEditorTools
LogPluginManager: Mounting plugin DataValidation
LogPluginManager: Mounting plugin FacialAnimation
LogPluginManager: Mounting plugin GameplayTagsEditor
LogPluginManager: Mounting plugin GeometryMode
LogPluginManager: Mounting plugin MacGraphicsSwitching
LogPluginManager: Mounting plugin MaterialAnalyzer
LogPluginManager: Mounting plugin MobileLauncherProfileWizard
LogPluginManager: Mounting plugin PluginBrowser
LogPluginManager: Mounting plugin SpeedTreeImporter
LogPluginManager: Mounting plugin Niagara
LogPluginManager: Mounting plugin AnimationSharing
LogPluginManager: Mounting plugin CLionSourceCodeAccess
LogPluginManager: Mounting plugin CodeLiteSourceCodeAccess
LogPluginManager: Mounting plugin GitSourceControl
LogPluginManager: Mounting plugin KDevelopSourceCodeAccess
LogPluginManager: Mounting plugin NullSourceCodeAccess
LogPluginManager: Mounting plugin PixWinPlugin
LogPluginManager: Mounting plugin PerforceSourceControl
LogPluginManager: Mounting plugin PlasticSourceControl
LogPluginManager: Mounting plugin PluginUtils
LogPluginManager: Mounting plugin PropertyAccessNode
LogPluginManager: Mounting plugin RiderSourceCodeAccess
LogPluginManager: Mounting plugin TextureFormatOodle
LogPluginManager: Mounting plugin SubversionSourceControl
LogPluginManager: Mounting plugin UObjectPlugin
LogPluginManager: Mounting plugin VisualStudioCodeSourceCodeAccess
LogPluginManager: Mounting plugin VisualStudioSourceCodeAccess
LogPluginManager: Mounting plugin XCodeSourceCodeAccess
LogPluginManager: Mounting plugin LuminPlatformFeatures
LogPluginManager: Mounting plugin MagicLeap
LogPluginManager: Mounting plugin MagicLeapLightEstimation
LogPluginManager: Mounting plugin MagicLeapMedia
LogPluginManager: Mounting plugin MagicLeapPassableWorld
LogPluginManager: Mounting plugin MLSDK
LogPluginManager: Mounting plugin TcpMessaging
LogPluginManager: Mounting plugin UdpMessaging
LogPluginManager: Mounting plugin AndroidMedia
LogPluginManager: Mounting plugin AvfMedia
LogPluginManager: Mounting plugin ImgMedia
LogPluginManager: Mounting plugin MediaCompositing
LogPluginManager: Mounting plugin ActorSequence
LogPluginManager: Mounting plugin LevelSequenceEditor
LogPluginManager: Mounting plugin MatineeToLevelSequence
LogPluginManager: Mounting plugin MediaPlayerEditor
LogPluginManager: Mounting plugin WebMMedia
LogPluginManager: Mounting plugin WmfMedia
LogPluginManager: Mounting plugin TemplateSequence
LogPluginManager: Mounting plugin OnlineSubsystem
LogPluginManager: Mounting plugin OnlineSubsystemNull
LogPluginManager: Mounting plugin OnlineSubsystemUtils
LogPluginManager: Mounting plugin LauncherChunkInstaller
LogPluginManager: Mounting plugin ActorLayerUtilities
LogPluginManager: Mounting plugin AndroidDeviceProfileSelector
LogPluginManager: Mounting plugin AndroidMoviePlayer
LogPluginManager: Mounting plugin AndroidPermission
LogPluginManager: Mounting plugin AppleImageUtils
LogPluginManager: Mounting plugin AppleMoviePlayer
LogPluginManager: Mounting plugin ArchVisCharacter
LogPluginManager: Mounting plugin AssetTags
LogPluginManager: Mounting plugin AudioCapture
LogPluginManager: Mounting plugin AudioSynesthesia
LogPluginManager: Mounting plugin CableComponent
LogPluginManager: Mounting plugin ChunkDownloader
LogPluginManager: Mounting plugin CustomMeshComponent
LogPluginManager: Mounting plugin EditableMesh
LogPluginManager: Mounting plugin ExampleDeviceProfileSelector
LogPluginManager: Mounting plugin GoogleCloudMessaging
LogPluginManager: Mounting plugin IOSDeviceProfileSelector
LogPluginManager: Mounting plugin LinuxDeviceProfileSelector
LogPluginManager: Mounting plugin LocationServicesBPLibrary
LogPluginManager: Mounting plugin MobilePatchingUtils
LogPluginManager: Mounting plugin OpenXR
LogPluginManager: Mounting plugin OpenXREyeTracker
LogPluginManager: Mounting plugin OpenXRHandTracking
LogPluginManager: Mounting plugin PhysXVehicles
LogPluginManager: Mounting plugin PostSplashScreen
LogPluginManager: Mounting plugin ProceduralMeshComponent
LogPluginManager: Mounting plugin PropertyAccessEditor
LogPluginManager: Mounting plugin RuntimePhysXCooking
LogPluginManager: Mounting plugin SignificanceManager
LogPluginManager: Mounting plugin SoundFields
LogPluginManager: Mounting plugin Synthesis
LogPluginManager: Mounting plugin WebMMoviePlayer
LogPluginManager: Mounting plugin GooglePAD
LogPluginManager: Mounting plugin WindowsMoviePlayer
LogPluginManager: Mounting plugin ScreenshotTools
LogPluginManager: Mounting plugin Takes
LogPluginManager: Mounting plugin GameplayCameras
LogPluginManager: Mounting plugin DatasmithContent
LogPluginManager: Mounting plugin VariantManagerContent
LogPluginManager: Mounting plugin AlembicImporter
LogPluginManager: Mounting plugin AutomationUtils
LogPluginManager: Mounting plugin BackChannel
LogPluginManager: Mounting plugin ChaosCloth
LogPluginManager: Mounting plugin ChaosClothEditor
LogPluginManager: Mounting plugin ChaosEditor
LogPluginManager: Mounting plugin ChaosNiagara
LogPluginManager: Mounting plugin ChaosSolverPlugin
LogPluginManager: Mounting plugin CharacterAI
LogPluginManager: Mounting plugin GeometryCache
LogPluginManager: Mounting plugin GeometryCollectionPlugin
LogPluginManager: Mounting plugin GeometryProcessing
LogPluginManager: Mounting plugin MotoSynth
LogPluginManager: Mounting plugin OpenImageDenoise
LogPluginManager: Mounting plugin PlatformCrypto
LogPluginManager: Mounting plugin PlanarCut
LogPluginManager: Mounting plugin ProxyLODPlugin
LogPluginManager: Mounting plugin PythonScriptPlugin
LogPluginManager: Mounting plugin SkeletalReduction
LogPluginManager: Mounting plugin ContentBrowserAssetDataSource
LogPluginManager: Mounting plugin ContentBrowserClassDataSource
LogPluginManager: Mounting plugin ContentBrowserFileDataSource
LogPluginManager: Mounting plugin OnlineSubsystemIOS
LogPluginManager: Mounting plugin OnlineSubsystemGooglePlay
LogPluginManager: Mounting plugin OculusVR
LogPluginManager: Mounting plugin SteamVR
PixWinPlugin: PIX capture plugin failed to initialize! Check that the process is launched from PIX.
LogInit: Using libcurl 7.55.1-DEV
LogInit:  - built for x86_64-pc-win32
LogInit:  - supports SSL with OpenSSL/1.1.1
LogInit:  - supports HTTP deflate (compression) using libz 1.2.8
LogInit:  - other features:
LogInit:      CURL_VERSION_SSL
LogInit:      CURL_VERSION_LIBZ
LogInit:      CURL_VERSION_IPV6
LogInit:      CURL_VERSION_ASYNCHDNS
LogInit:      CURL_VERSION_LARGEFILE
LogInit:      CURL_VERSION_IDN
LogInit:  CurlRequestOptions (configurable via config and command line):
LogInit:  - bVerifyPeer = true  - Libcurl will verify peer certificate
LogInit:  - bUseHttpProxy = false  - Libcurl will NOT use HTTP proxy
LogInit:  - bDontReuseConnections = false  - Libcurl will reuse connections
LogInit:  - MaxHostConnections = 16  - Libcurl will limit the number of connections to a host
LogInit:  - LocalHostAddr = Default
LogInit:  - BufferSize = 65536
LogOnline: OSS: Creating online subsystem instance for: NULL
LogInit: WinSock: version 1.1 (2.2), MaxSocks=32767, MaxUdp=65467
LogOnline: OSS: TryLoadSubsystemAndSetDefault: Loaded subsystem for module [NULL]
LogOculusPluginWrapper: OculusPlugin initialized successfully
LogHMD: Failed initializing OVRPlugin 1.59.0
LogInit: Build: ++UE4+Release-4.27-CL-18319896
LogInit: Engine Version: 4.27.2-18319896+++UE4+Release-4.27
LogInit: Compatible Engine Version: 4.27.0-17155196+++UE4+Release-4.27
LogInit: Net CL: 17155196
LogInit: OS: Windows 10 (Release 2009) (), CPU: Intel(R) Core(TM) i7-4790 CPU @ 3.60GHz, GPU: NVIDIA Quadro K2200
LogInit: Compiled (64-bit): Nov 30 2021 07:12:08
LogInit: Compiled with Visual C++: 19.24.28315.00
LogInit: Build Configuration: Development
LogInit: Branch Name: ++UE4+Release-4.27
LogInit: Command Line:  /Game/Maps/MainMenuMap -game -PIEVIACONSOLE -Multiprocess GameUserSettingsINI=C:/Users/RL.T252.01/Documents/GitHub/UnrealProject/WhoIsThere/Saved/Config/Windows/PIEGameUserSettings0.ini -MultiprocessSaveConfig -forcepassthrough -messaging -SessionName="Play in Standalone Game" -windowed -WinX=0 -WinY=24 SAVEWINPOS=1 -ResX=1910 -ResY=1126
LogInit: Base Directory: C:/Program Files/Epic Games/UE_4.27/Engine/Binaries/Win64/
LogInit: Allocator: TBB
LogInit: Installed Engine Build: 1
LogDevObjectVersion: Number of dev versions registered: 29
LogDevObjectVersion:   Dev-Blueprints (B0D832E4-1F89-4F0D-ACCF-7EB736FD4AA2): 10
LogDevObjectVersion:   Dev-Build (E1C64328-A22C-4D53-A36C-8E866417BD8C): 0
LogDevObjectVersion:   Dev-Core (375EC13C-06E4-48FB-B500-84F0262A717E): 4
LogDevObjectVersion:   Dev-Editor (E4B068ED-F494-42E9-A231-DA0B2E46BB41): 40
LogDevObjectVersion:   Dev-Framework (CFFC743F-43B0-4480-9391-14DF171D2073): 37
LogDevObjectVersion:   Dev-Mobile (B02B49B5-BB20-44E9-A304-32B752E40360): 3
LogDevObjectVersion:   Dev-Networking (A4E4105C-59A1-49B5-A7C5-40C4547EDFEE): 0
LogDevObjectVersion:   Dev-Online (39C831C9-5AE6-47DC-9A44-9C173E1C8E7C): 0
LogDevObjectVersion:   Dev-Physics (78F01B33-EBEA-4F98-B9B4-84EACCB95AA2): 14
LogDevObjectVersion:   Dev-Platform (6631380F-2D4D-43E0-8009-CF276956A95A): 0
LogDevObjectVersion:   Dev-Rendering (12F88B9F-8875-4AFC-A67C-D90C383ABD29): 45
LogDevObjectVersion:   Dev-Sequencer (7B5AE74C-D270-4C10-A958-57980B212A5A): 13
LogDevObjectVersion:   Dev-VR (D7296918-1DD6-4BDD-9DE2-64A83CC13884): 3
LogDevObjectVersion:   Dev-LoadTimes (C2A15278-BFE7-4AFE-6C17-90FF531DF755): 1
LogDevObjectVersion:   Private-Geometry (6EACA3D4-40EC-4CC1-B786-8BED09428FC5): 3
LogDevObjectVersion:   Dev-AnimPhys (29E575DD-E0A3-4627-9D10-D276232CDCEA): 17
LogDevObjectVersion:   Dev-Anim (AF43A65D-7FD3-4947-9873-3E8ED9C1BB05): 15
LogDevObjectVersion:   Dev-ReflectionCapture (6B266CEC-1EC7-4B8F-A30B-E4D90942FC07): 1
LogDevObjectVersion:   Dev-Automation (0DF73D61-A23F-47EA-B727-89E90C41499A): 1
LogDevObjectVersion:   FortniteMain (601D1886-AC64-4F84-AA16-D3DE0DEAC7D6): 47
LogDevObjectVersion:   FortniteRelease (E7086368-6B23-4C58-8439-1B7016265E91): 1
LogDevObjectVersion:   Dev-Enterprise (9DFFBCD6-494F-0158-E221-12823C92A888): 10
LogDevObjectVersion:   Dev-Niagara (F2AED0AC-9AFE-416F-8664-AA7FFA26D6FC): 1
LogDevObjectVersion:   Dev-Destruction (174F1F0B-B4C6-45A5-B13F-2EE8D0FB917D): 10
LogDevObjectVersion:   Dev-Physics-Ext (35F94A83-E258-406C-A318-09F59610247C): 41
LogDevObjectVersion:   Dev-PhysicsMaterial-Chaos (B68FC16E-8B1B-42E2-B453-215C058844FE): 1
LogDevObjectVersion:   Dev-CineCamera (B2E18506-4273-CFC2-A54E-F4BB758BBA07): 1
LogDevObjectVersion:   Dev-VirtualProduction (64F58936-FD1B-42BA-BA96-7289D5D0FA4E): 1
LogDevObjectVersion:   Dev-MediaFramework (6F0ED827-A609-4895-9C91-998D90180EA4): 2
LogInit: Presizing for max 25165824 objects, including 0 objects not considered by GC, pre-allocating 0 bytes for permanent pool.
LogConfig: Applying CVar settings from Section [/Script/Engine.StreamingSettings] File [C:/Users/RL.T252.01/Documents/GitHub/UnrealProject/WhoIsThere/Saved/Config/Windows/Engine.ini]
LogConfig: Setting CVar [[s.MinBulkDataSizeForAsyncLoading:131072]]
LogConfig: Setting CVar [[s.AsyncLoadingThreadEnabled:0]]
LogConfig: Setting CVar [[s.EventDrivenLoaderEnabled:1]]
LogConfig: Setting CVar [[s.WarnIfTimeLimitExceeded:0]]
LogConfig: Setting CVar [[s.TimeLimitExceededMultiplier:1.5]]
LogConfig: Setting CVar [[s.TimeLimitExceededMinTime:0.005]]
LogConfig: Setting CVar [[s.UseBackgroundLevelStreaming:1]]
LogConfig: Setting CVar [[s.PriorityAsyncLoadingExtraTime:15.0]]
LogConfig: Setting CVar [[s.LevelStreamingActorsUpdateTimeLimit:5.0]]
LogConfig: Setting CVar [[s.PriorityLevelStreamingActorsUpdateExtraTime:5.0]]
LogConfig: Setting CVar [[s.LevelStreamingComponentsRegistrationGranularity:10]]
LogConfig: Setting CVar [[s.UnregisterComponentsTimeLimit:1.0]]
LogConfig: Setting CVar [[s.LevelStreamingComponentsUnregistrationGranularity:5]]
LogConfig: Setting CVar [[s.FlushStreamingOnExit:1]]
LogInit: Object subsystem initialized
LogConfig: Setting CVar [[con.DebugEarlyDefault:1]]
LogConfig: Setting CVar [[r.setres:1280x720]]
[2022.12.05-20.20.04:651][  0]LogConfig: Setting CVar [[con.DebugEarlyDefault:1]]
[2022.12.05-20.20.04:651][  0]LogConfig: Setting CVar [[r.setres:1280x720]]
[2022.12.05-20.20.04:652][  0]LogConfig: Applying CVar settings from Section [/Script/Engine.RendererSettings] File [C:/Users/RL.T252.01/Documents/GitHub/UnrealProject/WhoIsThere/Saved/Config/Windows/Engine.ini]
[2022.12.05-20.20.04:652][  0]LogConfig: Setting CVar [[r.GPUCrashDebugging:0]]
[2022.12.05-20.20.04:652][  0]LogConfig: Applying CVar settings from Section [/Script/Engine.RendererOverrideSettings] File [C:/Users/RL.T252.01/Documents/GitHub/UnrealProject/WhoIsThere/Saved/Config/Windows/Engine.ini]
[2022.12.05-20.20.04:652][  0]LogConfig: Applying CVar settings from Section [/Script/Engine.StreamingSettings] File [C:/Users/RL.T252.01/Documents/GitHub/UnrealProject/WhoIsThere/Saved/Config/Windows/Engine.ini]
[2022.12.05-20.20.04:652][  0]LogConfig: Setting CVar [[s.MinBulkDataSizeForAsyncLoading:131072]]
[2022.12.05-20.20.04:652][  0]LogConfig: Setting CVar [[s.AsyncLoadingThreadEnabled:0]]
[2022.12.05-20.20.04:652][  0]LogConfig: Setting CVar [[s.EventDrivenLoaderEnabled:1]]
[2022.12.05-20.20.04:652][  0]LogConfig: Setting CVar [[s.WarnIfTimeLimitExceeded:0]]
[2022.12.05-20.20.04:652][  0]LogConfig: Setting CVar [[s.TimeLimitExceededMultiplier:1.5]]
[2022.12.05-20.20.04:652][  0]LogConfig: Setting CVar [[s.TimeLimitExceededMinTime:0.005]]
[2022.12.05-20.20.04:652][  0]LogConfig: Setting CVar [[s.UseBackgroundLevelStreaming:1]]
[2022.12.05-20.20.04:652][  0]LogConfig: Setting CVar [[s.PriorityAsyncLoadingExtraTime:15.0]]
[2022.12.05-20.20.04:652][  0]LogConfig: Setting CVar [[s.LevelStreamingActorsUpdateTimeLimit:5.0]]
[2022.12.05-20.20.04:652][  0]LogConfig: Setting CVar [[s.PriorityLevelStreamingActorsUpdateExtraTime:5.0]]
[2022.12.05-20.20.04:652][  0]LogConfig: Setting CVar [[s.LevelStreamingComponentsRegistrationGranularity:10]]
[2022.12.05-20.20.04:652][  0]LogConfig: Setting CVar [[s.UnregisterComponentsTimeLimit:1.0]]
[2022.12.05-20.20.04:652][  0]LogConfig: Setting CVar [[s.LevelStreamingComponentsUnregistrationGranularity:5]]
[2022.12.05-20.20.04:652][  0]LogConfig: Setting CVar [[s.FlushStreamingOnExit:1]]
[2022.12.05-20.20.04:652][  0]LogConfig: Applying CVar settings from Section [/Script/Engine.GarbageCollectionSettings] File [C:/Users/RL.T252.01/Documents/GitHub/UnrealProject/WhoIsThere/Saved/Config/Windows/Engine.ini]
[2022.12.05-20.20.04:652][  0]LogConfig: Setting CVar [[gc.MaxObjectsNotConsideredByGC:1]]
[2022.12.05-20.20.04:652][  0]LogConfig: Setting CVar [[gc.SizeOfPermanentObjectPool:0]]
[2022.12.05-20.20.04:652][  0]LogConfig: Setting CVar [[gc.FlushStreamingOnGC:0]]
[2022.12.05-20.20.04:652][  0]LogConfig: Setting CVar [[gc.NumRetriesBeforeForcingGC:10]]
[2022.12.05-20.20.04:652][  0]LogConfig: Setting CVar [[gc.AllowParallelGC:1]]
[2022.12.05-20.20.04:652][  0]LogConfig: Setting CVar [[gc.TimeBetweenPurgingPendingKillObjects:61.1]]
[2022.12.05-20.20.04:652][  0]LogConfig: Setting CVar [[gc.MaxObjectsInEditor:25165824]]
[2022.12.05-20.20.04:652][  0]LogConfig: Setting CVar [[gc.IncrementalBeginDestroyEnabled:1]]
[2022.12.05-20.20.04:652][  0]LogConfig: Setting CVar [[gc.CreateGCClusters:1]]
[2022.12.05-20.20.04:652][  0]LogConfig: Setting CVar [[gc.MinGCClusterSize:5]]
[2022.12.05-20.20.04:652][  0]LogConfig: Setting CVar [[gc.ActorClusteringEnabled:0]]
[2022.12.05-20.20.04:652][  0]LogConfig: Setting CVar [[gc.BlueprintClusteringEnabled:0]]
[2022.12.05-20.20.04:652][  0]LogConfig: Setting CVar [[gc.UseDisregardForGCOnDedicatedServers:0]]
[2022.12.05-20.20.04:652][  0]LogConfig: Setting CVar [[gc.MultithreadedDestructionEnabled:1]]
[2022.12.05-20.20.04:652][  0]LogConfig: Applying CVar settings from Section [/Script/Engine.NetworkSettings] File [C:/Users/RL.T252.01/Documents/GitHub/UnrealProject/WhoIsThere/Saved/Config/Windows/Engine.ini]
[2022.12.05-20.20.04:652][  0]LogConfig: Applying CVar settings from Section [/Script/UnrealEd.CookerSettings] File [C:/Users/RL.T252.01/Documents/GitHub/UnrealProject/WhoIsThere/Saved/Config/Windows/Engine.ini]
[2022.12.05-20.20.04:659][  0]LogConfig: Applying CVar settings from Section [ViewDistanceQuality@3] File [C:/Users/RL.T252.01/Documents/GitHub/UnrealProject/WhoIsThere/Saved/Config/Windows/Scalability.ini]
[2022.12.05-20.20.04:659][  0]LogConfig: Setting CVar [[r.SkeletalMeshLODBias:0]]
[2022.12.05-20.20.04:659][  0]LogConfig: Setting CVar [[r.ViewDistanceScale:1.0]]
[2022.12.05-20.20.04:659][  0]LogConfig: Applying CVar settings from Section [AntiAliasingQuality@3] File [C:/Users/RL.T252.01/Documents/GitHub/UnrealProject/WhoIsThere/Saved/Config/Windows/Scalability.ini]
[2022.12.05-20.20.04:659][  0]LogConfig: Setting CVar [[r.PostProcessAAQuality:4]]
[2022.12.05-20.20.04:659][  0]LogConfig: Applying CVar settings from Section [ShadowQuality@3] File [C:/Users/RL.T252.01/Documents/GitHub/UnrealProject/WhoIsThere/Saved/Config/Windows/Scalability.ini]
[2022.12.05-20.20.04:659][  0]LogConfig: Setting CVar [[r.LightFunctionQuality:1]]
[2022.12.05-20.20.04:659][  0]LogConfig: Setting CVar [[r.ShadowQuality:5]]
[2022.12.05-20.20.04:659][  0]LogConfig: Setting CVar [[r.Shadow.CSM.MaxCascades:10]]
[2022.12.05-20.20.04:659][  0]LogConfig: Setting CVar [[r.Shadow.MaxResolution:2048]]
[2022.12.05-20.20.04:659][  0]LogConfig: Setting CVar [[r.Shadow.MaxCSMResolution:2048]]
[2022.12.05-20.20.04:659][  0]LogConfig: Setting CVar [[r.Shadow.RadiusThreshold:0.01]]
[2022.12.05-20.20.04:659][  0]LogConfig: Setting CVar [[r.Shadow.DistanceScale:1.0]]
[2022.12.05-20.20.04:659][  0]LogConfig: Setting CVar [[r.Shadow.CSM.TransitionScale:1.0]]
[2022.12.05-20.20.04:659][  0]LogConfig: Setting CVar [[r.Shadow.PreShadowResolutionFactor:1.0]]
[2022.12.05-20.20.04:659][  0]LogConfig: Setting CVar [[r.DistanceFieldShadowing:1]]
[2022.12.05-20.20.04:659][  0]LogConfig: Setting CVar [[r.DistanceFieldAO:1]]
[2022.12.05-20.20.04:659][  0]LogConfig: Setting CVar [[r.AOQuality:2]]
[2022.12.05-20.20.04:659][  0]LogConfig: Setting CVar [[r.VolumetricFog:1]]
[2022.12.05-20.20.04:659][  0]LogConfig: Setting CVar [[r.VolumetricFog.GridPixelSize:8]]
[2022.12.05-20.20.04:659][  0]LogConfig: Setting CVar [[r.VolumetricFog.GridSizeZ:128]]
[2022.12.05-20.20.04:659][  0]LogConfig: Setting CVar [[r.VolumetricFog.HistoryMissSupersampleCount:4]]
[2022.12.05-20.20.04:659][  0]LogConfig: Setting CVar [[r.LightMaxDrawDistanceScale:1]]
[2022.12.05-20.20.04:659][  0]LogConfig: Setting CVar [[r.CapsuleShadows:1]]
[2022.12.05-20.20.04:659][  0]LogConfig: Applying CVar settings from Section [PostProcessQuality@3] File [C:/Users/RL.T252.01/Documents/GitHub/UnrealProject/WhoIsThere/Saved/Config/Windows/Scalability.ini]
[2022.12.05-20.20.04:659][  0]LogConfig: Setting CVar [[r.MotionBlurQuality:4]]
[2022.12.05-20.20.04:659][  0]LogConfig: Setting CVar [[r.AmbientOcclusionMipLevelFactor:0.4]]
[2022.12.05-20.20.04:659][  0]LogConfig: Setting CVar [[r.AmbientOcclusionMaxQuality:100]]
[2022.12.05-20.20.04:659][  0]LogConfig: Setting CVar [[r.AmbientOcclusionLevels:-1]]
[2022.12.05-20.20.04:659][  0]LogConfig: Setting CVar [[r.AmbientOcclusionRadiusScale:1.0]]
[2022.12.05-20.20.04:659][  0]LogConfig: Setting CVar [[r.DepthOfFieldQuality:2]]
[2022.12.05-20.20.04:659][  0]LogConfig: Setting CVar [[r.RenderTargetPoolMin:400]]
[2022.12.05-20.20.04:659][  0]LogConfig: Setting CVar [[r.LensFlareQuality:2]]
[2022.12.05-20.20.04:659][  0]LogConfig: Setting CVar [[r.SceneColorFringeQuality:1]]
[2022.12.05-20.20.04:659][  0]LogConfig: Setting CVar [[r.EyeAdaptationQuality:2]]
[2022.12.05-20.20.04:659][  0]LogConfig: Setting CVar [[r.BloomQuality:5]]
[2022.12.05-20.20.04:659][  0]LogConfig: Setting CVar [[r.FastBlurThreshold:100]]
[2022.12.05-20.20.04:659][  0]LogConfig: Setting CVar [[r.Upscale.Quality:3]]
[2022.12.05-20.20.04:659][  0]LogConfig: Setting CVar [[r.Tonemapper.GrainQuantization:1]]
[2022.12.05-20.20.04:659][  0]LogConfig: Setting CVar [[r.LightShaftQuality:1]]
[2022.12.05-20.20.04:659][  0]LogConfig: Setting CVar [[r.Filter.SizeScale:1]]
[2022.12.05-20.20.04:659][  0]LogConfig: Setting CVar [[r.Tonemapper.Quality:5]]
[2022.12.05-20.20.04:659][  0]LogConfig: Setting CVar [[r.DOF.Gather.AccumulatorQuality:1        ; higher gathering accumulator quality]]
[2022.12.05-20.20.04:659][  0]LogConfig: Setting CVar [[r.DOF.Gather.PostfilterMethod:1          ; Median3x3 postfilering method]]
[2022.12.05-20.20.04:659][  0]LogConfig: Setting CVar [[r.DOF.Gather.EnableBokehSettings:0       ; no bokeh simulation when gathering]]
[2022.12.05-20.20.04:659][  0]LogConfig: Setting CVar [[r.DOF.Gather.RingCount:4                 ; medium number of samples when gathering]]
[2022.12.05-20.20.04:659][  0]LogConfig: Setting CVar [[r.DOF.Scatter.ForegroundCompositing:1    ; additive foreground scattering]]
[2022.12.05-20.20.04:659][  0]LogConfig: Setting CVar [[r.DOF.Scatter.BackgroundCompositing:2    ; additive background scattering]]
[2022.12.05-20.20.04:659][  0]LogConfig: Setting CVar [[r.DOF.Scatter.EnableBokehSettings:1      ; bokeh simulation when scattering]]
[2022.12.05-20.20.04:659][  0]LogConfig: Setting CVar [[r.DOF.Scatter.MaxSpriteRatio:0.1         ; only a maximum of 10% of scattered bokeh]]
[2022.12.05-20.20.04:659][  0]LogConfig: Setting CVar [[r.DOF.Recombine.Quality:1                ; cheap slight out of focus]]
[2022.12.05-20.20.04:659][  0]LogConfig: Setting CVar [[r.DOF.Recombine.EnableBokehSettings:0    ; no bokeh simulation on slight out of focus]]
[2022.12.05-20.20.04:659][  0]LogConfig: Setting CVar [[r.DOF.TemporalAAQuality:1                ; more stable temporal accumulation]]
[2022.12.05-20.20.04:659][  0]LogConfig: Setting CVar [[r.DOF.Kernel.MaxForegroundRadius:0.025]]
[2022.12.05-20.20.04:659][  0]LogConfig: Setting CVar [[r.DOF.Kernel.MaxBackgroundRadius:0.025]]
[2022.12.05-20.20.04:659][  0]LogConfig: Applying CVar settings from Section [TextureQuality@3] File [C:/Users/RL.T252.01/Documents/GitHub/UnrealProject/WhoIsThere/Saved/Config/Windows/Scalability.ini]
[2022.12.05-20.20.04:659][  0]LogConfig: Setting CVar [[r.Streaming.MipBias:0]]
[2022.12.05-20.20.04:660][  0]LogConfig: Setting CVar [[r.Streaming.AmortizeCPUToGPUCopy:0]]
[2022.12.05-20.20.04:660][  0]LogConfig: Setting CVar [[r.Streaming.MaxNumTexturesToStreamPerFrame:0]]
[2022.12.05-20.20.04:660][  0]LogConfig: Setting CVar [[r.Streaming.Boost:1]]
[2022.12.05-20.20.04:660][  0]LogConfig: Setting CVar [[r.MaxAnisotropy:8]]
[2022.12.05-20.20.04:660][  0]LogConfig: Setting CVar [[r.VT.MaxAnisotropy:8]]
[2022.12.05-20.20.04:660][  0]LogConfig: Setting CVar [[r.Streaming.LimitPoolSizeToVRAM:0]]
[2022.12.05-20.20.04:660][  0]LogConfig: Setting CVar [[r.Streaming.PoolSize:1000]]
[2022.12.05-20.20.04:660][  0]LogConfig: Setting CVar [[r.Streaming.MaxEffectiveScreenSize:0]]
[2022.12.05-20.20.04:660][  0]LogConfig: Applying CVar settings from Section [EffectsQuality@3] File [C:/Users/RL.T252.01/Documents/GitHub/UnrealProject/WhoIsThere/Saved/Config/Windows/Scalability.ini]
[2022.12.05-20.20.04:660][  0]LogConfig: Setting CVar [[r.TranslucencyLightingVolumeDim:64]]
[2022.12.05-20.20.04:660][  0]LogConfig: Setting CVar [[r.RefractionQuality:2]]
[2022.12.05-20.20.04:660][  0]LogConfig: Setting CVar [[r.SSR.Quality:3]]
[2022.12.05-20.20.04:660][  0]LogConfig: Setting CVar [[r.SSR.HalfResSceneColor:0]]
[2022.12.05-20.20.04:660][  0]LogConfig: Setting CVar [[r.SceneColorFormat:4]]
[2022.12.05-20.20.04:660][  0]LogConfig: Setting CVar [[r.DetailMode:2]]
[2022.12.05-20.20.04:660][  0]LogConfig: Setting CVar [[r.TranslucencyVolumeBlur:1]]
[2022.12.05-20.20.04:660][  0]LogConfig: Setting CVar [[r.MaterialQualityLevel:1 ; High quality]]
[2022.12.05-20.20.04:660][  0]LogConfig: Setting CVar [[r.AnisotropicMaterials:1]]
[2022.12.05-20.20.04:660][  0]LogConfig: Setting CVar [[r.SSS.Scale:1]]
[2022.12.05-20.20.04:660][  0]LogConfig: Setting CVar [[r.SSS.SampleSet:2]]
[2022.12.05-20.20.04:660][  0]LogConfig: Setting CVar [[r.SSS.Quality:1]]
[2022.12.05-20.20.04:660][  0]LogConfig: Setting CVar [[r.SSS.HalfRes:0]]
[2022.12.05-20.20.04:660][  0]LogConfig: Setting CVar [[r.SSGI.Quality:3]]
[2022.12.05-20.20.04:660][  0]LogConfig: Setting CVar [[r.EmitterSpawnRateScale:1.0]]
[2022.12.05-20.20.04:660][  0]LogConfig: Setting CVar [[r.ParticleLightQuality:2]]
[2022.12.05-20.20.04:660][  0]LogConfig: Setting CVar [[r.SkyAtmosphere.AerialPerspectiveLUT.FastApplyOnOpaque:1 ; Always have FastSkyLUT 1 in this case to avoid wrong sky]]
[2022.12.05-20.20.04:660][  0]LogConfig: Setting CVar [[r.SkyAtmosphere.AerialPerspectiveLUT.SampleCountMaxPerSlice:4]]
[2022.12.05-20.20.04:660][  0]LogConfig: Setting CVar [[r.SkyAtmosphere.AerialPerspectiveLUT.DepthResolution:16.0]]
[2022.12.05-20.20.04:660][  0]LogConfig: Setting CVar [[r.SkyAtmosphere.FastSkyLUT:1]]
[2022.12.05-20.20.04:660][  0]LogConfig: Setting CVar [[r.SkyAtmosphere.FastSkyLUT.SampleCountMin:4.0]]
[2022.12.05-20.20.04:660][  0]LogConfig: Setting CVar [[r.SkyAtmosphere.FastSkyLUT.SampleCountMax:128.0]]
[2022.12.05-20.20.04:660][  0]LogConfig: Setting CVar [[r.SkyAtmosphere.SampleCountMin:4.0]]
[2022.12.05-20.20.04:660][  0]LogConfig: Setting CVar [[r.SkyAtmosphere.SampleCountMax:128.0]]
[2022.12.05-20.20.04:660][  0]LogConfig: Setting CVar [[r.SkyAtmosphere.TransmittanceLUT.UseSmallFormat:0]]
[2022.12.05-20.20.04:660][  0]LogConfig: Setting CVar [[r.SkyAtmosphere.TransmittanceLUT.SampleCount:10.0]]
[2022.12.05-20.20.04:660][  0]LogConfig: Setting CVar [[r.SkyAtmosphere.MultiScatteringLUT.SampleCount:15.0]]
[2022.12.05-20.20.04:660][  0]LogConfig: Setting CVar [[r.SkyLight.RealTimeReflectionCapture:1]]
[2022.12.05-20.20.04:660][  0]LogConfig: Applying CVar settings from Section [FoliageQuality@3] File [C:/Users/RL.T252.01/Documents/GitHub/UnrealProject/WhoIsThere/Saved/Config/Windows/Scalability.ini]
[2022.12.05-20.20.04:660][  0]LogConfig: Setting CVar [[foliage.DensityScale:1.0]]
[2022.12.05-20.20.04:660][  0]LogConfig: Setting CVar [[grass.DensityScale:1.0]]
[2022.12.05-20.20.04:660][  0]LogConfig: Applying CVar settings from Section [ShadingQuality@3] File [C:/Users/RL.T252.01/Documents/GitHub/UnrealProject/WhoIsThere/Saved/Config/Windows/Scalability.ini]
[2022.12.05-20.20.04:660][  0]LogConfig: Setting CVar [[r.HairStrands.SkyLighting.IntegrationType:2]]
[2022.12.05-20.20.04:660][  0]LogConfig: Setting CVar [[r.HairStrands.SkyAO.SampleCount:4]]
[2022.12.05-20.20.04:660][  0]LogConfig: Setting CVar [[r.HairStrands.Visibility.MSAA.SamplePerPixel:4]]
[2022.12.05-20.20.04:660][  0]LogInit: Selected Device Profile: [Windows]
[2022.12.05-20.20.04:660][  0]LogInit: Applying CVar settings loaded from the selected device profile: [Windows]
[2022.12.05-20.20.04:660][  0]LogHAL: Display: Platform has ~ 16 GB [17119141888 / 17179869184 / 16], which maps to Larger [LargestMinGB=32, LargerMinGB=12, DefaultMinGB=8, SmallerMinGB=6, SmallestMinGB=0)
[2022.12.05-20.20.04:660][  0]LogInit: Going up to parent DeviceProfile []
[2022.12.05-20.20.04:660][  0]LogConfig: Applying CVar settings from Section [ViewDistanceQuality@3] File [C:/Users/RL.T252.01/Documents/GitHub/UnrealProject/WhoIsThere/Saved/Config/Windows/Scalability.ini]
[2022.12.05-20.20.04:660][  0]LogConfig: Setting CVar [[r.SkeletalMeshLODBias:0]]
[2022.12.05-20.20.04:660][  0]LogConfig: Setting CVar [[r.ViewDistanceScale:1.0]]
[2022.12.05-20.20.04:660][  0]LogConfig: Applying CVar settings from Section [AntiAliasingQuality@3] File [C:/Users/RL.T252.01/Documents/GitHub/UnrealProject/WhoIsThere/Saved/Config/Windows/Scalability.ini]
[2022.12.05-20.20.04:660][  0]LogConfig: Setting CVar [[r.PostProcessAAQuality:4]]
[2022.12.05-20.20.04:660][  0]LogConfig: Applying CVar settings from Section [ShadowQuality@3] File [C:/Users/RL.T252.01/Documents/GitHub/UnrealProject/WhoIsThere/Saved/Config/Windows/Scalability.ini]
[2022.12.05-20.20.04:660][  0]LogConfig: Setting CVar [[r.LightFunctionQuality:1]]
[2022.12.05-20.20.04:660][  0]LogConfig: Setting CVar [[r.ShadowQuality:5]]
[2022.12.05-20.20.04:660][  0]LogConfig: Setting CVar [[r.Shadow.CSM.MaxCascades:10]]
[2022.12.05-20.20.04:660][  0]LogConfig: Setting CVar [[r.Shadow.MaxResolution:2048]]
[2022.12.05-20.20.04:660][  0]LogConfig: Setting CVar [[r.Shadow.MaxCSMResolution:2048]]
[2022.12.05-20.20.04:660][  0]LogConfig: Setting CVar [[r.Shadow.RadiusThreshold:0.01]]
[2022.12.05-20.20.04:660][  0]LogConfig: Setting CVar [[r.Shadow.DistanceScale:1.0]]
[2022.12.05-20.20.04:660][  0]LogConfig: Setting CVar [[r.Shadow.CSM.TransitionScale:1.0]]
[2022.12.05-20.20.04:661][  0]LogConfig: Setting CVar [[r.Shadow.PreShadowResolutionFactor:1.0]]
[2022.12.05-20.20.04:661][  0]LogConfig: Setting CVar [[r.DistanceFieldShadowing:1]]
[2022.12.05-20.20.04:661][  0]LogConfig: Setting CVar [[r.DistanceFieldAO:1]]
[2022.12.05-20.20.04:661][  0]LogConfig: Setting CVar [[r.AOQuality:2]]
[2022.12.05-20.20.04:661][  0]LogConfig: Setting CVar [[r.VolumetricFog:1]]
[2022.12.05-20.20.04:661][  0]LogConfig: Setting CVar [[r.VolumetricFog.GridPixelSize:8]]
[2022.12.05-20.20.04:661][  0]LogConfig: Setting CVar [[r.VolumetricFog.GridSizeZ:128]]
[2022.12.05-20.20.04:661][  0]LogConfig: Setting CVar [[r.VolumetricFog.HistoryMissSupersampleCount:4]]
[2022.12.05-20.20.04:661][  0]LogConfig: Setting CVar [[r.LightMaxDrawDistanceScale:1]]
[2022.12.05-20.20.04:661][  0]LogConfig: Setting CVar [[r.CapsuleShadows:1]]
[2022.12.05-20.20.04:661][  0]LogConfig: Applying CVar settings from Section [PostProcessQuality@3] File [C:/Users/RL.T252.01/Documents/GitHub/UnrealProject/WhoIsThere/Saved/Config/Windows/Scalability.ini]
[2022.12.05-20.20.04:661][  0]LogConfig: Setting CVar [[r.MotionBlurQuality:4]]
[2022.12.05-20.20.04:661][  0]LogConfig: Setting CVar [[r.AmbientOcclusionMipLevelFactor:0.4]]
[2022.12.05-20.20.04:661][  0]LogConfig: Setting CVar [[r.AmbientOcclusionMaxQuality:100]]
[2022.12.05-20.20.04:661][  0]LogConfig: Setting CVar [[r.AmbientOcclusionLevels:-1]]
[2022.12.05-20.20.04:661][  0]LogConfig: Setting CVar [[r.AmbientOcclusionRadiusScale:1.0]]
[2022.12.05-20.20.04:661][  0]LogConfig: Setting CVar [[r.DepthOfFieldQuality:2]]
[2022.12.05-20.20.04:661][  0]LogConfig: Setting CVar [[r.RenderTargetPoolMin:400]]
[2022.12.05-20.20.04:661][  0]LogConfig: Setting CVar [[r.LensFlareQuality:2]]
[2022.12.05-20.20.04:661][  0]LogConfig: Setting CVar [[r.SceneColorFringeQuality:1]]
[2022.12.05-20.20.04:661][  0]LogConfig: Setting CVar [[r.EyeAdaptationQuality:2]]
[2022.12.05-20.20.04:661][  0]LogConfig: Setting CVar [[r.BloomQuality:5]]
[2022.12.05-20.20.04:661][  0]LogConfig: Setting CVar [[r.FastBlurThreshold:100]]
[2022.12.05-20.20.04:661][  0]LogConfig: Setting CVar [[r.Upscale.Quality:3]]
[2022.12.05-20.20.04:661][  0]LogConfig: Setting CVar [[r.Tonemapper.GrainQuantization:1]]
[2022.12.05-20.20.04:661][  0]LogConfig: Setting CVar [[r.LightShaftQuality:1]]
[2022.12.05-20.20.04:661][  0]LogConfig: Setting CVar [[r.Filter.SizeScale:1]]
[2022.12.05-20.20.04:661][  0]LogConfig: Setting CVar [[r.Tonemapper.Quality:5]]
[2022.12.05-20.20.04:661][  0]LogConfig: Setting CVar [[r.DOF.Gather.AccumulatorQuality:1        ; higher gathering accumulator quality]]
[2022.12.05-20.20.04:661][  0]LogConfig: Setting CVar [[r.DOF.Gather.PostfilterMethod:1          ; Median3x3 postfilering method]]
[2022.12.05-20.20.04:661][  0]LogConfig: Setting CVar [[r.DOF.Gather.EnableBokehSettings:0       ; no bokeh simulation when gathering]]
[2022.12.05-20.20.04:661][  0]LogConfig: Setting CVar [[r.DOF.Gather.RingCount:4                 ; medium number of samples when gathering]]
[2022.12.05-20.20.04:661][  0]LogConfig: Setting CVar [[r.DOF.Scatter.ForegroundCompositing:1    ; additive foreground scattering]]
[2022.12.05-20.20.04:661][  0]LogConfig: Setting CVar [[r.DOF.Scatter.BackgroundCompositing:2    ; additive background scattering]]
[2022.12.05-20.20.04:661][  0]LogConfig: Setting CVar [[r.DOF.Scatter.EnableBokehSettings:1      ; bokeh simulation when scattering]]
[2022.12.05-20.20.04:661][  0]LogConfig: Setting CVar [[r.DOF.Scatter.MaxSpriteRatio:0.1         ; only a maximum of 10% of scattered bokeh]]
[2022.12.05-20.20.04:661][  0]LogConfig: Setting CVar [[r.DOF.Recombine.Quality:1                ; cheap slight out of focus]]
[2022.12.05-20.20.04:661][  0]LogConfig: Setting CVar [[r.DOF.Recombine.EnableBokehSettings:0    ; no bokeh simulation on slight out of focus]]
[2022.12.05-20.20.04:661][  0]LogConfig: Setting CVar [[r.DOF.TemporalAAQuality:1                ; more stable temporal accumulation]]
[2022.12.05-20.20.04:661][  0]LogConfig: Setting CVar [[r.DOF.Kernel.MaxForegroundRadius:0.025]]
[2022.12.05-20.20.04:661][  0]LogConfig: Setting CVar [[r.DOF.Kernel.MaxBackgroundRadius:0.025]]
[2022.12.05-20.20.04:661][  0]LogConfig: Applying CVar settings from Section [TextureQuality@3] File [C:/Users/RL.T252.01/Documents/GitHub/UnrealProject/WhoIsThere/Saved/Config/Windows/Scalability.ini]
[2022.12.05-20.20.04:661][  0]LogConfig: Setting CVar [[r.Streaming.MipBias:0]]
[2022.12.05-20.20.04:661][  0]LogConfig: Setting CVar [[r.Streaming.AmortizeCPUToGPUCopy:0]]
[2022.12.05-20.20.04:661][  0]LogConfig: Setting CVar [[r.Streaming.MaxNumTexturesToStreamPerFrame:0]]
[2022.12.05-20.20.04:661][  0]LogConfig: Setting CVar [[r.Streaming.Boost:1]]
[2022.12.05-20.20.04:661][  0]LogConfig: Setting CVar [[r.MaxAnisotropy:8]]
[2022.12.05-20.20.04:661][  0]LogConfig: Setting CVar [[r.VT.MaxAnisotropy:8]]
[2022.12.05-20.20.04:661][  0]LogConfig: Setting CVar [[r.Streaming.LimitPoolSizeToVRAM:0]]
[2022.12.05-20.20.04:661][  0]LogConfig: Setting CVar [[r.Streaming.PoolSize:1000]]
[2022.12.05-20.20.04:661][  0]LogConfig: Setting CVar [[r.Streaming.MaxEffectiveScreenSize:0]]
[2022.12.05-20.20.04:661][  0]LogConfig: Applying CVar settings from Section [EffectsQuality@3] File [C:/Users/RL.T252.01/Documents/GitHub/UnrealProject/WhoIsThere/Saved/Config/Windows/Scalability.ini]
[2022.12.05-20.20.04:661][  0]LogConfig: Setting CVar [[r.TranslucencyLightingVolumeDim:64]]
[2022.12.05-20.20.04:661][  0]LogConfig: Setting CVar [[r.RefractionQuality:2]]
[2022.12.05-20.20.04:661][  0]LogConfig: Setting CVar [[r.SSR.Quality:3]]
[2022.12.05-20.20.04:661][  0]LogConfig: Setting CVar [[r.SSR.HalfResSceneColor:0]]
[2022.12.05-20.20.04:661][  0]LogConfig: Setting CVar [[r.SceneColorFormat:4]]
[2022.12.05-20.20.04:661][  0]LogConfig: Setting CVar [[r.DetailMode:2]]
[2022.12.05-20.20.04:661][  0]LogConfig: Setting CVar [[r.TranslucencyVolumeBlur:1]]
[2022.12.05-20.20.04:661][  0]LogConfig: Setting CVar [[r.MaterialQualityLevel:1 ; High quality]]
[2022.12.05-20.20.04:661][  0]LogConfig: Setting CVar [[r.AnisotropicMaterials:1]]
[2022.12.05-20.20.04:661][  0]LogConfig: Setting CVar [[r.SSS.Scale:1]]
[2022.12.05-20.20.04:661][  0]LogConfig: Setting CVar [[r.SSS.SampleSet:2]]
[2022.12.05-20.20.04:661][  0]LogConfig: Setting CVar [[r.SSS.Quality:1]]
[2022.12.05-20.20.04:661][  0]LogConfig: Setting CVar [[r.SSS.HalfRes:0]]
[2022.12.05-20.20.04:661][  0]LogConfig: Setting CVar [[r.SSGI.Quality:3]]
[2022.12.05-20.20.04:661][  0]LogConfig: Setting CVar [[r.EmitterSpawnRateScale:1.0]]
[2022.12.05-20.20.04:661][  0]LogConfig: Setting CVar [[r.ParticleLightQuality:2]]
[2022.12.05-20.20.04:661][  0]LogConfig: Setting CVar [[r.SkyAtmosphere.AerialPerspectiveLUT.FastApplyOnOpaque:1 ; Always have FastSkyLUT 1 in this case to avoid wrong sky]]
[2022.12.05-20.20.04:661][  0]LogConfig: Setting CVar [[r.SkyAtmosphere.AerialPerspectiveLUT.SampleCountMaxPerSlice:4]]
[2022.12.05-20.20.04:661][  0]LogConfig: Setting CVar [[r.SkyAtmosphere.AerialPerspectiveLUT.DepthResolution:16.0]]
[2022.12.05-20.20.04:661][  0]LogConfig: Setting CVar [[r.SkyAtmosphere.FastSkyLUT:1]]
[2022.12.05-20.20.04:661][  0]LogConfig: Setting CVar [[r.SkyAtmosphere.FastSkyLUT.SampleCountMin:4.0]]
[2022.12.05-20.20.04:661][  0]LogConfig: Setting CVar [[r.SkyAtmosphere.FastSkyLUT.SampleCountMax:128.0]]
[2022.12.05-20.20.04:661][  0]LogConfig: Setting CVar [[r.SkyAtmosphere.SampleCountMin:4.0]]
[2022.12.05-20.20.04:661][  0]LogConfig: Setting CVar [[r.SkyAtmosphere.SampleCountMax:128.0]]
[2022.12.05-20.20.04:661][  0]LogConfig: Setting CVar [[r.SkyAtmosphere.TransmittanceLUT.UseSmallFormat:0]]
[2022.12.05-20.20.04:662][  0]LogConfig: Setting CVar [[r.SkyAtmosphere.TransmittanceLUT.SampleCount:10.0]]
[2022.12.05-20.20.04:662][  0]LogConfig: Setting CVar [[r.SkyAtmosphere.MultiScatteringLUT.SampleCount:15.0]]
[2022.12.05-20.20.04:662][  0]LogConfig: Setting CVar [[r.SkyLight.RealTimeReflectionCapture:1]]
[2022.12.05-20.20.04:662][  0]LogConfig: Applying CVar settings from Section [FoliageQuality@3] File [C:/Users/RL.T252.01/Documents/GitHub/UnrealProject/WhoIsThere/Saved/Config/Windows/Scalability.ini]
[2022.12.05-20.20.04:662][  0]LogConfig: Setting CVar [[foliage.DensityScale:1.0]]
[2022.12.05-20.20.04:662][  0]LogConfig: Setting CVar [[grass.DensityScale:1.0]]
[2022.12.05-20.20.04:662][  0]LogConfig: Applying CVar settings from Section [ShadingQuality@3] File [C:/Users/RL.T252.01/Documents/GitHub/UnrealProject/WhoIsThere/Saved/Config/Windows/Scalability.ini]
[2022.12.05-20.20.04:662][  0]LogConfig: Setting CVar [[r.HairStrands.SkyLighting.IntegrationType:2]]
[2022.12.05-20.20.04:662][  0]LogConfig: Setting CVar [[r.HairStrands.SkyAO.SampleCount:4]]
[2022.12.05-20.20.04:662][  0]LogConfig: Setting CVar [[r.HairStrands.Visibility.MSAA.SamplePerPixel:4]]
[2022.12.05-20.20.04:662][  0]LogConfig: Applying CVar settings from Section [Startup] File [../../../Engine/Config/ConsoleVariables.ini]
[2022.12.05-20.20.04:663][  0]LogConfig: Setting CVar [[net.UseAdaptiveNetUpdateFrequency:0]]
[2022.12.05-20.20.04:663][  0]LogConfig: Setting CVar [[p.chaos.AllowCreatePhysxBodies:1]]
[2022.12.05-20.20.04:663][  0]LogConfig: Setting CVar [[fx.SkipVectorVMBackendOptimizations:1]]
[2022.12.05-20.20.04:663][  0]LogConfig: Applying CVar settings from Section [ConsoleVariables] File [C:/Users/RL.T252.01/Documents/GitHub/UnrealProject/WhoIsThere/Saved/Config/Windows/Engine.ini]
[2022.12.05-20.20.04:663][  0]LogConfig: Applying CVar settings from Section [ConsoleVariables] File [C:/Users/RL.T252.01/Documents/GitHub/UnrealProject/WhoIsThere/Saved/Config/Windows/Editor.ini]
[2022.12.05-20.20.04:663][  0]LogInit: Computer: RL-T252-01
[2022.12.05-20.20.04:663][  0]LogInit: User: RLT25201
[2022.12.05-20.20.04:663][  0]LogInit: CPU Page size=4096, Cores=4
[2022.12.05-20.20.04:663][  0]LogInit: High frequency timer resolution =10.000000 MHz
[2022.12.05-20.20.04:663][  0]LogMemory: Memory total: Physical=15.9GB (16GB approx)
[2022.12.05-20.20.04:663][  0]LogMemory: Platform Memory Stats for Windows
[2022.12.05-20.20.04:663][  0]LogMemory: Process Physical Memory: 143.29 MB used, 143.29 MB peak
[2022.12.05-20.20.04:663][  0]LogMemory: Process Virtual Memory: 128.43 MB used, 128.43 MB peak
[2022.12.05-20.20.04:663][  0]LogMemory: Physical Memory: 7546.99 MB used,  8779.09 MB free, 16326.09 MB total
[2022.12.05-20.20.04:663][  0]LogMemory: Virtual Memory: 134210000.00 MB used,  7731.74 MB free, 134217728.00 MB total
[2022.12.05-20.20.04:668][  0]LogWindows: WindowsPlatformFeatures enabled
[2022.12.05-20.20.04:693][  0]LogInit: Physics initialised using underlying interface: PhysX
[2022.12.05-20.20.04:694][  0]LogInit: Using OS detected language (en-US).
[2022.12.05-20.20.04:694][  0]LogInit: Using OS detected locale (en-US).
[2022.12.05-20.20.04:704][  0]LogTextLocalizationManager: No specific localization for 'en-US' exists, so the 'en' localization will be used.
[2022.12.05-20.20.04:995][  0]LogWindowsTextInputMethodSystem: Display: IME system deactivated.
[2022.12.05-20.20.05:011][  0]LogSlate: New Slate User Created.  User Index 0, Is Virtual User: 0
[2022.12.05-20.20.05:011][  0]LogSlate: Slate User Registered.  User Index 0, Is Virtual User: 0
[2022.12.05-20.20.05:026][  0]LogD3D11RHI: Loaded GFSDK_Aftermath_Lib.x64.dll
[2022.12.05-20.20.05:029][  0]LogHMD: Failed to initialize OpenVR with code 110
[2022.12.05-20.20.05:029][  0]LogD3D11RHI: D3D11 min allowed feature level: 11_0
[2022.12.05-20.20.05:029][  0]LogD3D11RHI: D3D11 max allowed feature level: 11_0
[2022.12.05-20.20.05:029][  0]LogD3D11RHI: D3D11 adapters:
[2022.12.05-20.20.05:129][  0]LogD3D11RHI:    0. 'NVIDIA Quadro K2200' (Feature Level 11_0)
[2022.12.05-20.20.05:129][  0]LogD3D11RHI:       4053/0/8163 MB DedicatedVideo/DedicatedSystem/SharedSystem, Outputs:1, VendorId:0x10de
[2022.12.05-20.20.05:131][  0]LogD3D11RHI:    1. 'Microsoft Basic Render Driver' (Feature Level 11_0)
[2022.12.05-20.20.05:131][  0]LogD3D11RHI:       0/0/8163 MB DedicatedVideo/DedicatedSystem/SharedSystem, Outputs:0, VendorId:0x1414
[2022.12.05-20.20.05:131][  0]LogD3D11RHI: Chosen D3D11 Adapter:
[2022.12.05-20.20.05:131][  0]LogD3D11RHI:     Description : NVIDIA Quadro K2200
[2022.12.05-20.20.05:131][  0]LogD3D11RHI:     VendorId    : 10de
[2022.12.05-20.20.05:131][  0]LogD3D11RHI:     DeviceId    : 13ba
[2022.12.05-20.20.05:131][  0]LogD3D11RHI:     SubSysId    : 109710de
[2022.12.05-20.20.05:131][  0]LogD3D11RHI:     Revision    : 00a2
[2022.12.05-20.20.05:131][  0]LogD3D11RHI:     DedicatedVideoMemory : 4250337280 bytes
[2022.12.05-20.20.05:131][  0]LogD3D11RHI:     DedicatedSystemMemory : 0 bytes
[2022.12.05-20.20.05:131][  0]LogD3D11RHI:     SharedSystemMemory : 8559570944 bytes
[2022.12.05-20.20.05:131][  0]LogD3D11RHI:     AdapterLuid : 0 35225
[2022.12.05-20.20.05:136][  0]LogD3D11RHI: Creating new Direct3DDevice
[2022.12.05-20.20.05:136][  0]LogD3D11RHI:     GPU DeviceId: 0x13ba (for the marketing name, search the web for "GPU Device Id")
[2022.12.05-20.20.05:136][  0]LogWindows: EnumDisplayDevices:
[2022.12.05-20.20.05:136][  0]LogWindows:    0. 'NVIDIA Quadro K2200' (P:1 D:1)
[2022.12.05-20.20.05:136][  0]LogWindows:    1. 'NVIDIA Quadro K2200' (P:0 D:0)
[2022.12.05-20.20.05:137][  0]LogWindows:    2. 'NVIDIA Quadro K2200' (P:0 D:0)
[2022.12.05-20.20.05:137][  0]LogWindows:    3. 'NVIDIA Quadro K2200' (P:0 D:0)
[2022.12.05-20.20.05:137][  0]LogWindows: DebugString: FoundDriverCount:4 
[2022.12.05-20.20.05:137][  0]LogD3D11RHI:     Adapter Name: NVIDIA Quadro K2200
[2022.12.05-20.20.05:137][  0]LogD3D11RHI:   Driver Version: 461.55 (internal:27.21.14.6155, unified:461.55)
[2022.12.05-20.20.05:137][  0]LogD3D11RHI:      Driver Date: 2-9-2021
[2022.12.05-20.20.05:137][  0]LogRHI: Texture pool is 2837 MB (70% of 4053 MB)
[2022.12.05-20.20.05:137][  0]LogD3D11RHI: Creating D3DDevice using adapter:
[2022.12.05-20.20.05:137][  0]LogD3D11RHI:     Description : NVIDIA Quadro K2200
[2022.12.05-20.20.05:137][  0]LogD3D11RHI:     VendorId    : 10de
[2022.12.05-20.20.05:137][  0]LogD3D11RHI:     DeviceId    : 13ba
[2022.12.05-20.20.05:137][  0]LogD3D11RHI:     SubSysId    : 109710de
[2022.12.05-20.20.05:137][  0]LogD3D11RHI:     Revision    : 00a2
[2022.12.05-20.20.05:137][  0]LogD3D11RHI:     DedicatedVideoMemory : 4250337280 bytes
[2022.12.05-20.20.05:137][  0]LogD3D11RHI:     DedicatedSystemMemory : 0 bytes
[2022.12.05-20.20.05:137][  0]LogD3D11RHI:     SharedSystemMemory : 8559570944 bytes
[2022.12.05-20.20.05:137][  0]LogD3D11RHI:     AdapterLuid : 0 35225
[2022.12.05-20.20.05:231][  0]LogD3D11RHI: RHI has support for 64 bit atomics
[2022.12.05-20.20.05:231][  0]LogD3D11RHI: Async texture creation enabled
[2022.12.05-20.20.05:251][  0]LogD3D11RHI: GPU Timing Frequency: 1000.000000 (Debug: 2 1)
[2022.12.05-20.20.05:294][  0]LogRHI: GeForceNow SDK initialized: 1
[2022.12.05-20.20.05:597][  0]LogTargetPlatformManager: Display: Loaded TargetPlatform 'WindowsNoEditor'
[2022.12.05-20.20.05:603][  0]LogTargetPlatformManager: Display: Loaded TargetPlatform 'Windows'
[2022.12.05-20.20.05:607][  0]LogTargetPlatformManager: Display: Loaded TargetPlatform 'WindowsClient'
[2022.12.05-20.20.05:611][  0]LogTargetPlatformManager: Display: Loaded TargetPlatform 'WindowsServer'
[2022.12.05-20.20.05:611][  0]LogTargetPlatformManager: Display: Building Assets For Windows
[2022.12.05-20.20.05:619][  0]LogAudioDebug: Display: Lib vorbis DLL was dynamically loaded.
[2022.12.05-20.20.05:652][  0]LogTextureFormatOodle: Display: Oodle Texture 2.9.0 init RDO Off
[2022.12.05-20.20.05:681][  0]LogRendererCore: Ray tracing is disabled. Reason: r.RayTracing=0.
[2022.12.05-20.20.05:681][  0]LogShaderCompilers: Guid format shader working directory is -25 characters bigger than the processId version (../../../../../../Users/RL.T252.01/Documents/GitHub/UnrealProject/WhoIsThere/Intermediate/Shaders/WorkingDirectory/6784/).
[2022.12.05-20.20.05:682][  0]LogShaderCompilers: Cleaned the shader compiler working directory 'C:/Users/RL.T252.01/AppData/Local/Temp/UnrealShaderWorkingDir/11FFE2824DE4DEEBF0B5A68854A2A2DE/'.
[2022.12.05-20.20.05:682][  0]LogXGEController: Cannot use XGE Controller as Incredibuild is not installed on this machine.
[2022.12.05-20.20.05:682][  0]LogShaderCompilers: Cannot use XGE Shader Compiler as Incredibuild is not installed on this machine.
[2022.12.05-20.20.05:682][  0]LogShaderCompilers: Display: Using Local Shader Compiler.
[2022.12.05-20.20.06:485][  0]LogDerivedDataCache: Display: Max Cache Size: 512 MB
[2022.12.05-20.20.06:562][  0]LogDerivedDataCache: Loaded boot cache 0.08s 94MB C:/Users/RL.T252.01/AppData/Local/UnrealEngine/4.27/DerivedDataCache/Boot.ddc.
[2022.12.05-20.20.06:562][  0]LogDerivedDataCache: Display: Loaded Boot cache: C:/Users/RL.T252.01/AppData/Local/UnrealEngine/4.27/DerivedDataCache/Boot.ddc
[2022.12.05-20.20.06:562][  0]LogDerivedDataCache: FDerivedDataBackendGraph:  Pak pak cache file ../../../../../../Users/RL.T252.01/Documents/GitHub/UnrealProject/WhoIsThere/DerivedDataCache/DDC.ddp not found, will not use a pak cache.
[2022.12.05-20.20.06:562][  0]LogDerivedDataCache: Unable to find inner node Pak for hierarchical cache Hierarchy.
[2022.12.05-20.20.06:562][  0]LogDerivedDataCache: FDerivedDataBackendGraph:  CompressedPak pak cache file ../../../../../../Users/RL.T252.01/Documents/GitHub/UnrealProject/WhoIsThere/DerivedDataCache/Compressed.ddp not found, will not use a pak cache.
[2022.12.05-20.20.06:562][  0]LogDerivedDataCache: Unable to find inner node CompressedPak for hierarchical cache Hierarchy.
[2022.12.05-20.20.06:580][  0]LogDerivedDataCache: Display: Pak cache opened for reading ../../../Engine/DerivedDataCache/Compressed.ddp.
[2022.12.05-20.20.06:580][  0]LogDerivedDataCache: FDerivedDataBackendGraph:  EnterprisePak pak cache file ../../../Enterprise/DerivedDataCache/Compressed.ddp not found, will not use a pak cache.
[2022.12.05-20.20.06:580][  0]LogDerivedDataCache: Unable to find inner node EnterprisePak for hierarchical cache Hierarchy.
[2022.12.05-20.20.06:591][  0]LogDerivedDataCache: Speed tests for C:/Users/RL.T252.01/AppData/Local/UnrealEngine/Common/DerivedDataCache took 0.01 seconds
[2022.12.05-20.20.06:591][  0]LogDerivedDataCache: Display: Performance to C:/Users/RL.T252.01/AppData/Local/UnrealEngine/Common/DerivedDataCache: Latency=0.04ms. RandomReadSpeed=224.49MBs, RandomWriteSpeed=138.26MBs. Assigned SpeedClass 'Local'
[2022.12.05-20.20.06:592][  0]LogDerivedDataCache: Using Local data cache path C:/Users/RL.T252.01/AppData/Local/UnrealEngine/Common/DerivedDataCache: Writable
[2022.12.05-20.20.06:592][  0]LogDerivedDataCache: Shared data cache path not found in *engine.ini, will not use an Shared cache.
[2022.12.05-20.20.06:592][  0]LogDerivedDataCache: Unable to find inner node Shared for hierarchical cache Hierarchy.
[2022.12.05-20.20.06:632][  0]LogSlate: Using FreeType 2.10.0
[2022.12.05-20.20.06:632][  0]LogSlate: SlateFontServices - WITH_FREETYPE: 1, WITH_HARFBUZZ: 1
[2022.12.05-20.20.06:724][  0]LogInit: Using OS detected language (en-US).
[2022.12.05-20.20.06:724][  0]LogInit: Using OS detected locale (en-US).
[2022.12.05-20.20.06:724][  0]LogTextLocalizationManager: No localization for 'en-US' exists, so 'en' will be used for the language.
[2022.12.05-20.20.06:724][  0]LogTextLocalizationManager: No localization for 'en-US' exists, so 'en' will be used for the locale.
[2022.12.05-20.20.06:724][  0]LogSlate: FontCache flush requested. Reason: Culture for localization was changed
[2022.12.05-20.20.06:724][  0]LogSlate: FontCache flush requested. Reason: Culture for localization was changed
[2022.12.05-20.20.06:729][  0]LogTextLocalizationManager: Compacting localization data took   0.01ms
[2022.12.05-20.20.06:729][  0]LogAssetRegistry: FAssetRegistry took 0.0029 seconds to start up
[2022.12.05-20.20.06:903][  0]LogPackageLocalizationCache: Processed 27 localized package path(s) for 1 prioritized culture(s) in 0.001989 seconds
[2022.12.05-20.20.06:979][  0]LogInit: Selected Device Profile: [Windows]
[2022.12.05-20.20.06:979][  0]LogInit: Active device profile: [0000023A9E67EC00][0000023A9C3EF7C0 49] Windows
[2022.12.05-20.20.06:979][  0]LogInit: Profiles: [0000023A9E67EC00][0000023A9C3EF7C0 49] Windows, [0000023A9E625800][0000023A9C3F3900 49] WindowsNoEditor, [0000023A9E67E100][0000023A9C3F7A40 49] WindowsServer, [0000023A9E626200][0000023A9C3FBB80 49] WindowsClient, [0000023A9E67F600][0000023A985A0140 49] IOS, [0000023A9E624E00][0000023A985A82C0 49] iPadAir, [0000023A9E67C900][0000023A985AC440 49] iPadAir2, [0000023A9E5C5100][0000023A985B4700 49] IPadPro, [0000023A9E5C5200][0000023A985B0740 49] iPadAir3, [0000023A9E67F400][0000023A985B88C0 49] iPadAir4, [0000023A9E5C7000][0000023A985BCA40 49] iPadMini2, [0000023A9E5C4A00][0000023A985C0BC0 49] iPadMini3, [0000023A9E625C00][0000023A985C4D40 49] iPadMini4, [0000023A9E5C7D00][0000023A985C8EC0 49] iPadMini5, [0000023A9E5D4A00][0000023A985D1180 49] iPhone6, [0000023A9E5D4B00][0000023A985CD1C0 49] iPodTouch6, [0000023A9E67C400][0000023A985D9480 49] iPhone7, [0000023A9E67D400][0000023A985D54C0 49] iPodTouch7, [0000023A9E5D4300][0000023A985DD640 49] iPhone5S, [0000023A9E627400][0000023A9C4917C0 49] iPhone6Plus, [0000023A9E5D7B00][0000023A9C495940 49] iPhone6S, [0000023A9E625300][0000023A9C499AC0 49] iPhone6SPlus, [0000023A9E5D7400][0000023A985A5C00 49] iPhone7Plus, [0000023A9E627700][0000023A9C49C1C0 49] iPhoneSE, [0000023A9E5D4400][0000023A9C4A0300 49] iPhone8, [0000023A9E627F00][0000023A9C4A8480 49] iPhone8Plus, [0000023A9E5D5800][0000023A9C4AC600 49] iPhoneX, [0000023A9E625A00][0000023A9C4B0780 49] iPhoneXS, [0000023A9E5D7900][0000023A9C4B4900 49] iPhoneXSMax, [0000023A9E626E00][0000023A9C4B8A80 49] iPhoneXR, [0000023A9E67DA00][0000023A9C4BCC00 49] iPhone11, [0000023A9E627300][0000023A9C4C0D80 49] iPhone11Pro, [0000023A9E67E400][0000023A9C4C4F00 49] iPhone11ProMax, [0000023A9E626500][0000023A9C4C9080 49] iPhoneSE2, [0000023A9E67E800][0000023A9C4CD200 49] iPhone12Mini, [0000023A9E626F00][0000023A9C4D1380 49] iPhone12, [0000023A9E67C200][0000023A9C4D5500 49] iPhone12Pro, [0000023A9E624400][0000023A9C4D9680 49] iPhone12ProMax, [0000023A9E67DF00][0000023A9E451800 49] iPadPro105, [0000023A9E624500][0000023A9E455980 49] iPadPro129, [0000023A9E67D600][0000023A9E459B00 49] iPadPro97, [0000023A9E627800][0000023A9E45C100 49] iPadPro2_129, [0000023A9E67E500][0000023A9C4A4240 49] iPad5, [0000023A9E625400][0000023A9E460380 49] iPad6, [0000023A9E67D000][0000023A9E4644C0 49] iPad7, [0000023A9E626600][0000023A9E46C640 49] iPad8, [0000023A9E67EE00][0000023A9E4707C0 49] iPadPro11, [0000023A9E627C00][0000023A9E474940 49] iPadPro2_11, [0000023A9E67E600][0000023A9E478AC0 49] iPadPro3_129, [0000023A9E624A00][0000023A9E47CC40 49] iPadPro4_129, [0000023A9E67C100][0000023A9E480DC0 49] AppleTV, [0000023A9E626700][0000023A9E484F40 49] AppleTV4K, [0000023A9E67D200][0000023A9E4890C0 49] TVOS, [0000023A9E624D00][0000023A9E48D240 49] Mac, [0000023A9E67CB00][0000023A9E4913C0 49] MacClient, [0000023A9E625500][0000023A9E495540 49] MacNoEditor, [0000023A9E67DB00][0000023A9E4996C0 49] MacServer, [0000023A9E624100][0000023A9E49D840 49] Linux, [0000023A9E67F700][0000023A9E4A19C0 49] LinuxAArch64, [0000023A9E624700][0000023A9E4A5B40 49] LinuxNoEditor, [0000023A9E67CA00][0000023A9E4A8140 49] LinuxAArch64NoEditor, [0000023A9E626300][0000023A9E4AC2C0 49] LinuxClient, [0000023A9E67C300][0000023A9E468400 49] LinuxAArch64Client, [0000023A9E627900][0000023A9E4B0540 49] LinuxServer, [0000023A9E67E200][0000023A9E4B4680 49] LinuxAArch64Server, [0000023A9E626000][0000023A9E4B87C0 49] Android, [0000023A9E67F300][0000023A9E4C0940 49] Android_Low, [0000023A9E626B00][0000023A9E4C4AC0 49] Android_Mid, [0000023A9E67D300][0000023A9E4C8C40 49] Android_High, [0000023A9E627E00][0000023A9E4CCDC0 49] Android_Default, [0000023A9E5D7600][0000023A9E4D0F40 49] Android_Adreno4xx, [0000023A9E5C6100][0000023A9E4D50C0 49] Android_Adreno5xx_Low, [0000023A9E5D7200][0000023A9E4D9240 49] Android_Adreno5xx, [0000023A9E5C7300][0000023A9E4DD3C0 49] Android_Adreno6xx, [0000023A9E5D5000][0000023A9E4E1540 49] Android_Adreno6xx_Vulkan, [0000023A9E5C5000][0000023A9E4E56C0 49] Android_Mali_T6xx, [0000023A9E5D6900][0000023A9E4E9840 49] Android_Mali_T7xx, [0000023A9E5C6200][0000023A9E4ED9C0 49] Android_Mali_T8xx, [0000023A9E5D5E00][0000023A9E4F1B40 49] Android_Mali_G71, [0000023A9E5C6400][0000023A9E4F4140 49] Android_Mali_G72, [0000023A9E5D7A00][0000023A9E4F82C0 49] Android_Mali_G72_Vulkan, [0000023A9E5C7400][0000023A9E4FC440 49] Android_Mali_G76, [0000023A9E5D6B00][0000023A9E4BC580 49] Android_Mali_G76_Vulkan, [0000023A9E5C7600][0000023A9E5006C0 49] Android_Mali_G77, [0000023A9E5D7500][0000023A9E504800 49] Android_Mali_G77_Vulkan, [0000023A9E5C5300][0000023A9E508940 49] Android_Mali_G78, [0000023A9E5D5F00][0000023A9E510AC0 49] Android_Mali_G78_Vulkan, [0000023A9E5C6900][0000023A9E514C40 49] Android_Mali_G710, [0000023A9E5D5D00][0000023A9E518DC0 49] Android_Mali_G710_Vulkan, [0000023A9E5C7900][0000023A9E51CF40 49] Android_Vulkan_SM5, [0000023A9E5D4600][0000023A9E5210C0 49] Android_PowerVR_G6xxx, [0000023A9E5C4F00][0000023A9E525240 49] Android_PowerVR_GT7xxx, [0000023A9E5D6700][0000023A9E5293C0 49] Android_PowerVR_GE8xxx, [0000023A9E5C4400][0000023A9E52D540 49] Android_PowerVR_GM9xxx, [0000023A9E5D4100][0000023A9E5316C0 49] Android_PowerVR_GM9xxx_Vulkan, [0000023A9E5C4D00][0000023A9E535840 49] Android_TegraK1, [0000023A9E5D4800][0000023A9E5399C0 49] Android_Unknown_Vulkan, [0000023A9E5C5900][0000023A9E53DB40 49] Lumin, [0000023A9E5D4E00][0000023A98456140 49] Lumin_Desktop, [0000023A9E5C5D00][0000023A9845A2C0 49] HoloLens, 
[2022.12.05-20.20.07:108][  0]LogMeshReduction: Using QuadricMeshReduction for automatic static mesh reduction
[2022.12.05-20.20.07:108][  0]LogMeshReduction: Using SimplygonMeshReduction for automatic skeletal mesh reduction
[2022.12.05-20.20.07:108][  0]LogMeshReduction: Using ProxyLODMeshReduction for automatic mesh merging
[2022.12.05-20.20.07:108][  0]LogMeshReduction: No distributed automatic mesh merging module available
[2022.12.05-20.20.07:108][  0]LogMeshMerging: No distributed automatic mesh merging module available
[2022.12.05-20.20.07:125][  0]LogNetVersion: WhoIsThere 1.0.0, NetCL: 17155196, EngineNetVer: 17, GameNetVer: 0 (Checksum: 1219034810)
[2022.12.05-20.20.07:384][  0]LogTexture: Default maximum texture size for cubemaps generated from long-lat sources has been changed from 512 to unlimited. In order to preserve old behaiour for '/Engine/MapTemplates/Sky/DaylightAmbientCubemap.DaylightAmbientCubemap', its maximum texture size has been explicitly set to 512.
[2022.12.05-20.20.07:442][  0]LogHMD: PokeAHoleMaterial loaded successfully
[2022.12.05-20.20.07:547][  0]LogMoviePlayer: Initializing movie player
[2022.12.05-20.20.07:672][  0]LogNiagaraDebuggerClient: Niagara Debugger Client Initialized | Session: E3DEFA624EBFC2323B0FBFA713C4FE55 | Instance: 8FE2EC38427F4F31134C598037DFB98D (RL-T252-01-6784).
[2022.12.05-20.20.07:695][  0]LogCollectionManager: Loaded 0 collections in 0.003695 seconds
[2022.12.05-20.20.07:698][  0]LogFileCache: Scanning file cache for directory 'C:/Users/RL.T252.01/Documents/GitHub/UnrealProject/WhoIsThere/Saved/Collections/' took 0.00s
[2022.12.05-20.20.07:698][  0]LogFileCache: Scanning file cache for directory 'C:/Users/RL.T252.01/Documents/GitHub/UnrealProject/WhoIsThere/Content/Developers/RLT25201/Collections/' took 0.00s
[2022.12.05-20.20.07:698][  0]LogFileCache: Scanning file cache for directory 'C:/Users/RL.T252.01/Documents/GitHub/UnrealProject/WhoIsThere/Content/Collections/' took 0.00s
[2022.12.05-20.20.07:698][  0]LogCollectionManager: Fixed up redirectors for 0 collections in 0.000002 seconds (updated 0 objects)
[2022.12.05-20.20.07:826][  0]LogTcpMessaging: Initializing TcpMessaging bridge
[2022.12.05-20.20.07:830][  0]LogUdpMessaging: Initializing bridge on interface 0.0.0.0:0 to multicast group 230.0.0.1:6666.
[2022.12.05-20.20.07:887][  0]LogPython: Using Python 3.7.7
[2022.12.05-20.20.08:456][  0]SourceControl: Source control is disabled
[2022.12.05-20.20.08:456][  0]SourceControl: Source control is disabled
[2022.12.05-20.20.08:459][  0]SourceControl: Source control is disabled
[2022.12.05-20.20.08:465][  0]LogUProjectInfo: Found projects:
[2022.12.05-20.20.08:515][  0]LogAndroidPermission: UAndroidPermissionCallbackProxy::GetInstance
[2022.12.05-20.20.08:535][  0]LogAudioCaptureCore: Display: No Audio Capture implementations found. Audio input will be silent.
[2022.12.05-20.20.08:535][  0]LogAudioCaptureCore: Display: No Audio Capture implementations found. Audio input will be silent.
[2022.12.05-20.20.08:658][  0]LogOpenImageDenoise: OIDN starting up
[2022.12.05-20.20.08:683][  0]LogOcInput: OculusInput pre-init called
[2022.12.05-20.20.08:696][  0]LogUObjectArray: 22121 objects as part of root set at end of initial load.
[2022.12.05-20.20.08:696][  0]LogUObjectAllocator: 5975632 out of 0 bytes used by permanent object pool.
[2022.12.05-20.20.08:696][  0]LogUObjectArray: CloseDisregardForGC: 0/0 objects in disregard for GC pool
[2022.12.05-20.20.08:746][  0]LogEngine: Initializing Engine...
[2022.12.05-20.20.08:749][  0]LogHMD: Failed to enumerate extensions. Please check that you have a valid OpenXR runtime installed.
[2022.12.05-20.20.08:750][  0]LogHMD: Failed to initialize OpenVR with code 110
[2022.12.05-20.20.08:750][  0]LogMagicLeap: Warning: VR disabled because ZI is not enabled.  To enable, in the editor, Edit -> Project Settings -> Plugins -> Magic Leap Plugin -> Enable Zero Iteration
[2022.12.05-20.20.08:751][  0]LogStats: UGameplayTagsManager::InitializeManager -  0.000 s
[2022.12.05-20.20.08:894][  0]LogInit: Initializing FReadOnlyCVARCache
[2022.12.05-20.20.08:894][  0]LogAudio: Display: Initializing Audio Device Manager...
[2022.12.05-20.20.08:899][  0]LogAudio: Display: Loading Default Audio Settings Objects...
[2022.12.05-20.20.08:900][  0]LogAudio: Display: No default SoundConcurrencyObject specified (or failed to load).
[2022.12.05-20.20.08:901][  0]LogAudio: Display: Audio Device Manager Initialized
[2022.12.05-20.20.08:901][  0]LogAudio: Display: Creating Audio Device:                 Id: 1, Scope: Shared, Realtime: True
[2022.12.05-20.20.08:901][  0]LogAudioMixer: Display: Audio Mixer Platform Settings:
[2022.12.05-20.20.08:901][  0]LogAudioMixer: Display: 	Sample Rate:						  48000
[2022.12.05-20.20.08:901][  0]LogAudioMixer: Display: 	Callback Buffer Frame Size Requested: 1024
[2022.12.05-20.20.08:901][  0]LogAudioMixer: Display: 	Callback Buffer Frame Size To Use:	  1024
[2022.12.05-20.20.08:901][  0]LogAudioMixer: Display: 	Number of buffers to queue:			  2
[2022.12.05-20.20.08:901][  0]LogAudioMixer: Display: 	Max Channels (voices):				  32
[2022.12.05-20.20.08:901][  0]LogAudioMixer: Display: 	Number of Async Source Workers:		  0
[2022.12.05-20.20.08:901][  0]LogAudio: Display: AudioDevice MaxSources: 32
[2022.12.05-20.20.08:902][  0]LogAudio: Display: Audio Spatialization Plugin: None (built-in).
[2022.12.05-20.20.08:902][  0]LogAudio: Display: Audio Reverb Plugin: None (built-in).
[2022.12.05-20.20.08:902][  0]LogAudio: Display: Audio Occlusion Plugin: None (built-in).
[2022.12.05-20.20.08:902][  0]LogAudioMixer: Display: Initializing audio mixer.
[2022.12.05-20.20.08:907][  0]LogAudioMixer: Display: 0: FrontLeft
[2022.12.05-20.20.08:907][  0]LogAudioMixer: Display: 1: FrontRight
[2022.12.05-20.20.08:936][  0]LogAudioMixer: Display: Using Audio Device Speakers / Headphones (Realtek Audio)
[2022.12.05-20.20.08:942][  0]LogAudioMixer: Display: Initializing Sound Submixes...
[2022.12.05-20.20.08:944][  0]LogAudioMixer: Display: Creating Master Submix 'MasterSubmixDefault'
[2022.12.05-20.20.08:944][  0]LogAudioMixer: Display: Creating Master Submix 'MasterReverbSubmixDefault'
[2022.12.05-20.20.08:946][  0]LogAudioMixer: Display: Creating Master Submix 'MasterEQSubmixDefault'
[2022.12.05-20.20.08:946][  0]LogAudioMixer: FMixerPlatformXAudio2::StartAudioStream() called
[2022.12.05-20.20.08:946][  0]LogAudioMixer: Display: Output buffers initialized: Frames=1024, Channels=2, Samples=2048
[2022.12.05-20.20.08:947][  0]LogAudioMixer: Display: Starting AudioMixerPlatformInterface::RunInternal()
[2022.12.05-20.20.08:947][  0]LogAudioMixer: Display: FMixerPlatformXAudio2::SubmitBuffer() called for the first time
[2022.12.05-20.20.08:947][  0]LogInit: FAudioDevice initialized.
[2022.12.05-20.20.08:948][  0]LogNetVersion: Set ProjectVersion to 1.0.0.0. Version Checksum will be recalculated on next use.
[2022.12.05-20.20.08:948][  0]LogInit: Texture streaming: Enabled
[2022.12.05-20.20.09:039][  0]LogAudio: Display: Audio Device (ID: 1) registered with world 'Untitled'.
[2022.12.05-20.20.09:039][  0]LogSlate: Updating window title bar state: overlay mode, drag disabled, window buttons hidden, title bar hidden
[2022.12.05-20.20.09:041][  0]LogInit: Display: Game Engine Initialized.
[2022.12.05-20.20.09:041][  0]LogNiagaraEditor: GEditor isn't valid! Particle reset commands will not work for Niagara components!
[2022.12.05-20.20.09:174][  0]LogInit: Display: Starting Game.
[2022.12.05-20.20.09:174][  0]LogNet: Browse: /Game/Maps/MainMenuMap?Name=Player
[2022.12.05-20.20.09:174][  0]LogLoad: LoadMap: /Game/Maps/MainMenuMap?Name=Player
[2022.12.05-20.20.09:174][  0]LogWorld: BeginTearingDown for /Temp/Untitled_0
[2022.12.05-20.20.09:176][  0]LogWorld: UWorld::CleanupWorld for Untitled, bSessionEnded=true, bCleanupResources=true
[2022.12.05-20.20.09:182][  0]LogAudio: Display: Audio Device unregistered from world 'None'.
[2022.12.05-20.20.09:184][  0]LogUObjectHash: Compacting FUObjectHashTables data took   0.88ms
[2022.12.05-20.20.09:314][  0]LogAudio: Display: Audio Device (ID: 1) registered with world 'MainMenuMap'.
[2022.12.05-20.20.09:322][  0]LogAIModule: Creating AISystem for world MainMenuMap
[2022.12.05-20.20.09:456][  0]LogLoad: Game class is 'FirstPersonGameMode_C'
[2022.12.05-20.20.09:458][  0]LogWorld: Bringing World /Game/Maps/MainMenuMap.MainMenuMap up for play (max tick rate 0) at 2022.12.05-14.20.09
[2022.12.05-20.20.09:458][  0]LogWorld: Bringing up level for play took: 0.000558
[2022.12.05-20.20.09:459][  0]LogGameMode: FindPlayerStart: PATHS NOT DEFINED or NO PLAYERSTART with positive rating
[2022.12.05-20.20.09:460][  0]LogGameMode: Display: Match State Changed from EnteringMap to WaitingToStart
[2022.12.05-20.20.09:460][  0]LogGameState: Match State Changed from EnteringMap to WaitingToStart
[2022.12.05-20.20.09:460][  0]LogGameMode: Display: Match State Changed from WaitingToStart to InProgress
[2022.12.05-20.20.09:464][  0]LogGameState: Match State Changed from WaitingToStart to InProgress
[2022.12.05-20.20.09:464][  0]LogLoad: Took 0.289478 seconds to LoadMap(/Game/Maps/MainMenuMap)
[2022.12.05-20.20.09:534][  0]LogInit: Display: Engine is initialized. Leaving FEngineLoop::Init()
[2022.12.05-20.20.09:534][  0]LogLoad: (Engine Initialization) Total time: 6.63 seconds
[2022.12.05-20.20.09:534][  0]LogLoad: (Engine Initialization) Total Blueprint compile time: 0.00 seconds
[2022.12.05-20.20.09:545][  0]LogContentStreaming: Texture pool size now 1000 MB
[2022.12.05-20.20.09:546][  0]LogSlate: InvalidateAllWidgets triggered.  All widgets were invalidated
[2022.12.05-20.20.09:783][  1]LogRenderer: Reallocating scene render targets to support 1912x1128 Format 10 NumSamples 1 (Frame:1).
[2022.12.05-20.20.09:783][  1]LogSlate: Took 0.000307 seconds to synchronously load lazily loaded font '../../../Engine/Content/Slate/Fonts/Roboto-Regular.ttf' (155K)
[2022.12.05-20.20.55:437][641]LogRenderer: Reallocating scene render targets to support 1920x1140 Format 10 NumSamples 1 (Frame:3641).
[2022.12.05-20.20.57:911][826]LogSlate: Window 'WhoIsThere (64-bit Development PCD3D_SM5) ' being destroyed
[2022.12.05-20.20.57:912][826]LogWindowsTextInputMethodSystem: Display: IME system deactivated.
[2022.12.05-20.20.57:916][826]LogWindowsTextInputMethodSystem: Display: IME system deactivated.
[2022.12.05-20.20.57:917][826]LogSlate: Updating window title bar state: overlay mode, drag disabled, window buttons hidden, title bar hidden
[2022.12.05-20.20.57:917][826]LogEngine: All Windows Closed
[2022.12.05-20.20.57:917][826]LogWindows: FPlatformMisc::RequestExit(0)
[2022.12.05-20.20.57:917][826]LogWindows: FPlatformMisc::RequestExitWithStatus(0, 0)
[2022.12.05-20.20.57:917][826]LogCore: Engine exit requested (reason: Win RequestExit)
[2022.12.05-20.20.57:918][827]LogCore: Engine exit requested (reason: EngineExit() was called; note: exit was already requested)
[2022.12.05-20.20.57:918][827]LogInit: Display: PreExit Game.
[2022.12.05-20.20.57:919][827]LogWorld: BeginTearingDown for /Game/Maps/MainMenuMap
[2022.12.05-20.20.57:919][827]LogWorld: UWorld::CleanupWorld for MainMenuMap, bSessionEnded=true, bCleanupResources=true
[2022.12.05-20.20.57:919][827]LogSlate: InvalidateAllWidgets triggered.  All widgets were invalidated
[2022.12.05-20.20.58:780][827]LogAudio: Display: Beginning Audio Device Manager Shutdown (Module: AudioMixerXAudio2)...
[2022.12.05-20.20.58:780][827]LogAudio: Display: Destroying 1 Remaining Audio Device(s)...
[2022.12.05-20.20.58:780][827]LogAudio: Display: Audio Device unregistered from world 'MainMenuMap'.
[2022.12.05-20.20.58:804][827]LogAudioMixer: FMixerPlatformXAudio2::StopAudioStream() called
[2022.12.05-20.20.58:804][827]LogAudioMixer: FMixerPlatformXAudio2::StopAudioStream() called
[2022.12.05-20.20.58:808][827]LogAudio: Display: Audio Device Manager Shutdown
[2022.12.05-20.20.58:810][827]LogExit: Preparing to exit.
[2022.12.05-20.20.58:815][827]LogSlate: Updating window title bar state: overlay mode, drag disabled, window buttons hidden, title bar hidden
[2022.12.05-20.20.58:817][827]LogUObjectHash: Compacting FUObjectHashTables data took   1.00ms
[2022.12.05-20.20.58:856][827]LogMoviePlayer: Shutting down movie player
[2022.12.05-20.20.59:022][827]LogDemo: Cleaned up 0 splitscreen connections with owner deletion
[2022.12.05-20.20.59:027][827]LogExit: Game engine shut down
[2022.12.05-20.20.59:072][827]LogExit: Object subsystem successfully closed.
[2022.12.05-20.20.59:080][827]LogShaderCompilers: Display: === FShaderJobCache stats ===
[2022.12.05-20.20.59:080][827]LogShaderCompilers: Display: Total job queries 0, among them cache hits 0 (0.00%)
[2022.12.05-20.20.59:080][827]LogShaderCompilers: Display: Tracking 0 distinct input hashes that result in 0 distinct outputs (0.00%)
[2022.12.05-20.20.59:080][827]LogShaderCompilers: Display: RAM used: 0.00 MB (0.00 GB) of 819.20 MB (0.80 GB) budget. Usage: 0.00%
[2022.12.05-20.20.59:080][827]LogShaderCompilers: Display: ================================================
[2022.12.05-20.20.59:091][827]LogShaderCompilers: Display: Shaders left to compile 0
[2022.12.05-20.20.59:120][827]LogModuleManager: Shutting down and abandoning module SequenceRecorderSections (558)
[2022.12.05-20.20.59:120][827]LogModuleManager: Shutting down and abandoning module SequenceRecorder (556)
[2022.12.05-20.20.59:120][827]LogModuleManager: Shutting down and abandoning module AutomationController (554)
[2022.12.05-20.20.59:120][827]LogModuleManager: Shutting down and abandoning module AutomationWorker (552)
[2022.12.05-20.20.59:120][827]LogModuleManager: Shutting down and abandoning module Voice (550)
[2022.12.05-20.20.59:120][827]LogModuleManager: Shutting down and abandoning module AIModule (548)
[2022.12.05-20.20.59:120][827]LogModuleManager: Shutting down and abandoning module GameplayDebugger (547)
[2022.12.05-20.20.59:120][827]LogModuleManager: Shutting down and abandoning module AITestSuite (545)
[2022.12.05-20.20.59:120][827]LogModuleManager: Shutting down and abandoning module NavigationSystem (543)
[2022.12.05-20.20.59:120][827]LogModuleManager: Shutting down and abandoning module SteamVREditor (540)
[2022.12.05-20.20.59:120][827]LogModuleManager: Shutting down and abandoning module ToolMenus (539)
[2022.12.05-20.20.59:120][827]LogModuleManager: Shutting down and abandoning module OculusMR (536)
[2022.12.05-20.20.59:120][827]LogModuleManager: Shutting down and abandoning module PlanarCut (534)
[2022.12.05-20.20.59:120][827]LogModuleManager: Shutting down and abandoning module CharacterAI (532)
[2022.12.05-20.20.59:120][827]LogModuleManager: Shutting down and abandoning module TakeRecorderSources (530)
[2022.12.05-20.20.59:120][827]LogModuleManager: Shutting down and abandoning module TakeRecorder (529)
[2022.12.05-20.20.59:120][827]LogModuleManager: Shutting down and abandoning module TakeTrackRecorders (526)
[2022.12.05-20.20.59:120][827]LogModuleManager: Shutting down and abandoning module TakesCore (524)
[2022.12.05-20.20.59:120][827]LogModuleManager: Shutting down and abandoning module OpenXRInput (522)
[2022.12.05-20.20.59:120][827]LogModuleManager: Shutting down and abandoning module WmfMediaFactory (520)
[2022.12.05-20.20.59:120][827]LogModuleManager: Shutting down and abandoning module WebMMediaFactory (518)
[2022.12.05-20.20.59:120][827]LogModuleManager: Shutting down and abandoning module WebMMedia (516)
[2022.12.05-20.20.59:120][827]LogModuleManager: Shutting down and abandoning module OpenExrWrapper (514)
[2022.12.05-20.20.59:120][827]LogModuleManager: Shutting down and abandoning module ImgMediaFactory (512)
[2022.12.05-20.20.59:120][827]LogModuleManager: Shutting down and abandoning module AvfMediaFactory (510)
[2022.12.05-20.20.59:120][827]LogModuleManager: Shutting down and abandoning module MagicLeapMediaCodecFactory (508)
[2022.12.05-20.20.59:120][827]LogModuleManager: Shutting down and abandoning module MagicLeapMediaFactory (506)
[2022.12.05-20.20.59:120][827]LogModuleManager: Shutting down and abandoning module SessionServices (504)
[2022.12.05-20.20.59:121][827]LogModuleManager: Shutting down and abandoning module MovieSceneCapture (502)
[2022.12.05-20.20.59:121][827]LogModuleManager: Shutting down and abandoning module LiveCoding (500)
[2022.12.05-20.20.59:121][827]LogModuleManager: Shutting down and abandoning module LevelSequence (498)
[2022.12.05-20.20.59:121][827]LogModuleManager: Shutting down and abandoning module MovieSceneTracks (496)
[2022.12.05-20.20.59:121][827]LogModuleManager: Shutting down and abandoning module MovieScene (494)
[2022.12.05-20.20.59:121][827]LogModuleManager: Shutting down and abandoning module StreamingPauseRendering (492)
[2022.12.05-20.20.59:121][827]LogModuleManager: Shutting down and abandoning module PortalServices (490)
[2022.12.05-20.20.59:121][827]LogModuleManager: Shutting down and abandoning module PortalRpc (488)
[2022.12.05-20.20.59:121][827]LogModuleManager: Shutting down and abandoning module MessagingRpc (486)
[2022.12.05-20.20.59:121][827]LogModuleManager: Shutting down and abandoning module AudioMixerXAudio2 (484)
[2022.12.05-20.20.59:121][827]LogModuleManager: Shutting down and abandoning module AudioMixerCore (483)
[2022.12.05-20.20.59:121][827]LogModuleManager: Shutting down and abandoning module ImageWriteQueue (480)
[2022.12.05-20.20.59:121][827]LogModuleManager: Shutting down and abandoning module ProfilerService (478)
